Export/Android/unityLibrary/build/intermediates/manifest_merge_blame_file/debug/manifest-merger-blame-debug-report.txt
1<?xml version="1.0" encoding="utf-8"?>
2<manifest xmlns:android="http://schemas.android.com/apk/res/android"
3    xmlns:tools="http://schemas.android.com/tools"
4    package="com.unity3d.player" >
5
6    <uses-sdk
7        android:minSdkVersion="22"
7-->src\main\AndroidManifest.xml
8        android:targetSdkVersion="33" />
8-->src\main\AndroidManifest.xml
9
10    <uses-feature android:glEsVersion="0x00030000" />
10-->src\main\AndroidManifest.xml:27:3-52
10-->src\main\AndroidManifest.xml:27:17-49
11    <uses-feature
11-->src\main\AndroidManifest.xml:28:3-91
12        android:name="android.hardware.vulkan.version"
12-->src\main\AndroidManifest.xml:28:17-63
13        android:required="false" />
13-->src\main\AndroidManifest.xml:28:64-88
14
15    <uses-permission android:name="android.permission.INTERNET" />
15-->src\main\AndroidManifest.xml:29:3-65
15-->src\main\AndroidManifest.xml:29:20-62
16
17    <uses-feature
17-->src\main\AndroidManifest.xml:30:3-88
18        android:name="android.hardware.touchscreen"
18-->src\main\AndroidManifest.xml:30:17-60
19        android:required="false" />
19-->src\main\AndroidManifest.xml:30:61-85
20
21    <application android:extractNativeLibs="true" >
21-->src\main\AndroidManifest.xml:3:3-26:17
21-->src\main\AndroidManifest.xml:3:16-48
22
23        <!-- <activity android:name="com.unity3d.player.UnityPlayerActivity" android:theme="@style/UnityThemeSelector" android:screenOrientation="fullUser" android:launchMode="singleTask" android:configChanges="mcc|mnc|locale|touchscreen|keyboard|keyboardHidden|navigation|orientation|screenLayout|uiMode|screenSize|smallestScreenSize|fontScale|layoutDirection|density" android:resizeableActivity="false" android:hardwareAccelerated="false" android:exported="true"> -->
24        <!-- <intent-filter> -->
25        <!-- <action android:name="android.intent.action.MAIN" /> -->
26        <!-- <category android:name="android.intent.category.LAUNCHER" /> -->
27        <!-- </intent-filter> -->
28        <!-- <meta-data android:name="unityplayer.UnityActivity" android:value="true" /> -->
29        <!-- <meta-data android:name="android.notch_support" android:value="true" /> -->
30        <!-- </activity> -->
31        <!-- <activity android:name="com.android.client.UnityPlayerActivity" android:theme="@style/UnityThemeSelector" android:screenOrientation="userLandscape" android:launchMode="singleTask" android:configChanges="mcc|mnc|locale|touchscreen|keyboard|keyboardHidden|navigation|orientation|screenLayout|uiMode|screenSize|smallestScreenSize|fontScale|layoutDirection|density" android:resizeableActivity="false" android:hardwareAccelerated="false" android:exported="true"> -->
32        <!-- <intent-filter> -->
33        <!-- <action android:name="android.intent.action.MAIN" /> -->
34        <!-- <category android:name="android.intent.category.LAUNCHER" /> -->
35        <!-- </intent-filter> -->
36        <!-- <meta-data android:name="unityplayer.UnityActivity" android:value="true" /> -->
37        <!-- <meta-data android:name="android.notch_support" android:value="true" /> -->
38        <!-- </activity> -->
39        <meta-data
39-->src\main\AndroidManifest.xml:20:5-69
40            android:name="unity.splash-mode"
40-->src\main\AndroidManifest.xml:20:16-48
41            android:value="0" />
41-->src\main\AndroidManifest.xml:20:49-66
42        <meta-data
42-->src\main\AndroidManifest.xml:21:5-74
43            android:name="unity.splash-enable"
43-->src\main\AndroidManifest.xml:21:16-50
44            android:value="True" />
44-->src\main\AndroidManifest.xml:21:51-71
45        <meta-data
45-->src\main\AndroidManifest.xml:22:5-78
46            android:name="unity.launch-fullscreen"
46-->src\main\AndroidManifest.xml:22:16-54
47            android:value="True" />
47-->src\main\AndroidManifest.xml:22:55-75
48        <meta-data
48-->src\main\AndroidManifest.xml:23:5-84
49            android:name="unity.allow-resizable-window"
49-->src\main\AndroidManifest.xml:23:16-59
50            android:value="False" />
50-->src\main\AndroidManifest.xml:23:60-81
51        <meta-data
51-->src\main\AndroidManifest.xml:24:5-81
52            android:name="notch.config"
52-->src\main\AndroidManifest.xml:24:16-43
53            android:value="portrait|landscape" />
53-->src\main\AndroidManifest.xml:24:44-78
54        <meta-data
54-->src\main\AndroidManifest.xml:25:5-84
55            android:name="unity.auto-report-fully-drawn"
55-->src\main\AndroidManifest.xml:25:16-60
56            android:value="true" />
56-->src\main\AndroidManifest.xml:25:61-81
57    </application>
58
59</manifest>